md2html\README.md
md2html\README.html
md2html\Public\convertTo-mdHtml.ps1
md2html\Public\Convert-Markdown2Html.ps1
md2html\PSmd2html.history.txt
md2html\Private\Convert-Markdown.ps1
md2html\md2html.psm1
md2html\md2html.psd1
md2html\Markdig.xml
md2html\Markdig.dll
md2html\examples\markdown-it.demo.md
md2html\examples\markdown-it.demo.html
md2html\examples\github-flavored-markdown.sample_content.md
md2html\examples\github-flavored-markdown.sample_content.html
md2html\Data\vs.min.css
md2html\Data\vs.css
md2html\Data\none.css
md2html\Data\markdownpad-github.min.css
md2html\Data\markdownpad-github.css
md2html\Data\markdown.min.css
md2html\Data\markdown.css
md2html\Data\highlight.pack.js